<?xml version="1.0" encoding="UTF-8"?>
<!-- Generated by org.testng.reporters.JUnitReportReporter -->
<testsuite skipped="0" hostname="DESKTOP-V60KP9I" name="RealScript.LL" tests="1" failures="0" timestamp="2023-12-27T12:38:19 IST" time="0.071" errors="0">
  <testcase name="mainn" time="0.071" classname="RealScript.LL"/>
  <system-out/>
</testsuite> <!-- RealScript.LL -->
