<?xml version="1.0" encoding="UTF-8"?>
<!-- Generated by org.testng.reporters.JUnitReportReporter -->
<testsuite skipped="0" hostname="DESKTOP-V60KP9I" name="TestScripts.DWS_Login007" tests="1" failures="0" timestamp="2023-12-28T12:30:09 IST" time="47.490" errors="0">
  <testcase name="payment" time="47.490" classname="TestScripts.DWS_Login007"/>
  <system-out>
Order placed successfully through credit card  </system-out>
</testsuite> <!-- TestScripts.DWS_Login007 -->
