<?xml version="1.0" encoding="UTF-8"?>
<!-- Generated by org.testng.reporters.JUnitReportReporter -->
<testsuite skipped="0" hostname="DESKTOP-V60KP9I" name="Scripts.DWS_Login001" tests="1" failures="0" timestamp="2023-12-27T09:03:43 IST" time="36.581" errors="0">
  <testcase name="login" time="36.581" classname="Scripts.DWS_Login001"/>
  <system-out/>
</testsuite> <!-- Scripts.DWS_Login001 -->
