<?xml version="1.0" encoding="UTF-8"?>
<!-- Generated by org.testng.reporters.JUnitReportReporter -->
<testsuite skipped="0" hostname="DESKTOP-V60KP9I" name="TestScripts.DWS_Login001" tests="1" failures="0" timestamp="2023-12-28T12:08:00 IST" time="64.128" errors="0">
  <testcase name="LogIn" time="64.128" classname="TestScripts.DWS_Login001"/>
  <system-out>
Lauched browser successfully https://demowebshop.tricentis.com/login Clicked on login in link Enter email in email textbox Entered password in password textbox Clicked on log in button Home page is displayed  </system-out>
</testsuite> <!-- TestScripts.DWS_Login001 -->
