<?xml version="1.0" encoding="UTF-8"?>
<!-- Generated by org.testng.reporters.JUnitReportReporter -->
<testsuite skipped="0" hostname="DESKTOP-V60KP9I" name="RealScript.DWS_Login003_Test" tests="1" failures="0" timestamp="2023-12-27T13:01:14 IST" time="62.069" errors="0">
  <testcase name="RemoveFromCartAfterOrder" time="62.069" classname="RealScript.DWS_Login003_Test"/>
  <system-out>
Product is removed from the Shoppingcart  </system-out>
</testsuite> <!-- RealScript.DWS_Login003_Test -->
