<?xml version="1.0" encoding="UTF-8"?>
<!-- Generated by org.testng.reporters.JUnitReportReporter -->
<testsuite skipped="0" hostname="DESKTOP-V60KP9I" name="TestScripts.DWS_Login005_Test" tests="1" failures="0" timestamp="2023-12-28T13:06:12 IST" time="42.838" errors="0">
  <testcase name="Compare" time="42.838" classname="TestScripts.DWS_Login005_Test"/>
  <system-out>
Browser launched successfully Entered test URL Clicked on shoes Clicked on blue and green sneakers Clicked on compare list product button Product added successfully to compare list  </system-out>
</testsuite> <!-- TestScripts.DWS_Login005_Test -->
