<?xml version="1.0" encoding="UTF-8"?>
<!-- Generated by org.testng.reporters.JUnitReportReporter -->
<testsuite skipped="0" hostname="DESKTOP-V60KP9I" name="TestScripts.DWS_Login007_Test" tests="1" failures="0" timestamp="2023-12-28T12:56:07 IST" time="126.821" errors="0">
  <testcase name="payment" time="126.821" classname="TestScripts.DWS_Login007_Test"/>
  <system-out>
Browser launched successfully Entered test URL  Clicked on electronics Clicked on cell phones Clicked on add to cart button of smart phone Clicked shopping cart link in home page Checked terms and service check box Clicked on checkout button Entered first name Enterd last name Entered email properly Selected India in coutry dropdown Enterd pune in city textbox Enterd address in address1 textbox Entered postal code in zipPostalcode textbox Entered phone number Clicked on continue button Enterd card holder name Enterd card number Enterd card code Clicked on continue button Clicked on continue button Order placed successfully through credit card  </system-out>
</testsuite> <!-- TestScripts.DWS_Login007_Test -->
