<?xml version="1.0" encoding="UTF-8"?>
<!-- Generated by org.testng.reporters.JUnitReportReporter -->
<testsuite skipped="0" hostname="DESKTOP-V60KP9I" name="TestScripts.DWS_Login002_Test" tests="1" failures="0" timestamp="2023-12-28T12:56:07 IST" time="33.036" errors="0">
  <testcase name="addToCart" time="33.036" classname="TestScripts.DWS_Login002_Test"/>
  <system-out>
Launched browser successfully https://demowebshop.tricentis.com/login Navigated to the proper web application Clicked on log in link Enterd email in email text box Password enterd successfully Clicked on log in link Clicked on add to cart button of laptop clicke on shopping cart link Product is present in the cart  </system-out>
</testsuite> <!-- TestScripts.DWS_Login002_Test -->
